STATUS | wrapper  | 2017/08/11 12:06:46 | --> Wrapper Started as Console
STATUS | wrapper  | 2017/08/11 12:06:46 | Launching a JVM...
INFO   | jvm 1    | 2017/08/11 12:06:47 | Wrapper (Version 3.2.3) http://wrapper.tanukisoftware.org
INFO   | jvm 1    | 2017/08/11 12:06:47 |   Copyright 1999-2006 Tanuki Software, Inc.  All Rights Reserved.
INFO   | jvm 1    | 2017/08/11 12:06:47 | 
INFO   | jvm 1    | 2017/08/11 12:06:47 | Java Runtime: Oracle Corporation 1.8.0_131 C:\Program Files\Java\jre1.8.0_131
INFO   | jvm 1    | 2017/08/11 12:06:47 |   Heap sizes: current=62976k  free=55750k  max=932352k
INFO   | jvm 1    | 2017/08/11 12:06:47 |     JVM args: -Dactivemq.home=../.. -Dactivemq.base=../.. -Djavax.net.ssl.keyStorePassword=password -Djavax.net.ssl.trustStorePassword=password -Djavax.net.ssl.keyStore=../../conf/broker.ks -Djavax.net.ssl.trustStore=../../conf/broker.ts -Dcom.sun.management.jmxremote -Dorg.apache.activemq.UseDedicatedTaskRunner=true -Djava.util.logging.config.file=logging.properties -Dactivemq.conf=../../conf -Dactivemq.data=../../data -Djava.security.auth.login.config=../../conf/login.config -Xmx1024m -Djava.library.path=../../bin/win64 -Dwrapper.key=7hUEcXJKWw9Nz5Ij -Dwrapper.port=32000 -Dwrapper.jvm.port.min=31000 -Dwrapper.jvm.port.max=31999 -Dwrapper.pid=7516 -Dwrapper.version=3.2.3 -Dwrapper.native_library=wrapper -Dwrapper.cpu.timeout=10 -Dwrapper.jvmid=1
INFO   | jvm 1    | 2017/08/11 12:06:47 | Extensions classpath:
INFO   | jvm 1    | 2017/08/11 12:06:47 |   [..\..\lib,..\..\lib\camel,..\..\lib\optional,..\..\lib\web,..\..\lib\extra]
INFO   | jvm 1    | 2017/08/11 12:06:47 | ACTIVEMQ_HOME: ..\..
INFO   | jvm 1    | 2017/08/11 12:06:47 | ACTIVEMQ_BASE: ..\..
INFO   | jvm 1    | 2017/08/11 12:06:47 | ACTIVEMQ_CONF: ..\..\conf
INFO   | jvm 1    | 2017/08/11 12:06:47 | ACTIVEMQ_DATA: ..\..\data
INFO   | jvm 1    | 2017/08/11 12:06:47 | Loading message broker from: xbean:activemq.xml
INFO   | jvm 1    | 2017/08/11 12:06:47 |  INFO | Refreshing org.apache.activemq.xbean.XBeanBrokerFactory$1@12ef8bb3: startup date [Fri Aug 11 12:06:47 IST 2017]; root of context hierarchy
INFO   | jvm 1    | 2017/08/11 12:06:54 |  INFO | PListStore:[C:\Users\admin\Desktop\apache-activemq-5.11.1-bin\apache-activemq-5.11.1\bin\win64\..\..\data\localhost\tmp_storage] started
INFO   | jvm 1    | 2017/08/11 12:06:54 |  INFO | Using Persistence Adapter: KahaDBPersistenceAdapter[C:\Users\admin\Desktop\apache-activemq-5.11.1-bin\apache-activemq-5.11.1\bin\win64\..\..\data\kahadb]
INFO   | jvm 1    | 2017/08/11 12:06:55 |  INFO | Apache ActiveMQ 5.11.1 (localhost, ID:PC2-61816-1502433415020-0:1) is starting
INFO   | jvm 1    | 2017/08/11 12:06:55 |  INFO | Listening for connections at: tcp://PC2:61616?maximumConnections=1000&wireFormat.maxFrameSize=104857600
INFO   | jvm 1    | 2017/08/11 12:06:55 |  INFO | Connector openwire started
INFO   | jvm 1    | 2017/08/11 12:06:55 |  INFO | Listening for connections at: amqp://PC2:5672?maximumConnections=1000&wireFormat.maxFrameSize=104857600
INFO   | jvm 1    | 2017/08/11 12:06:55 |  INFO | Connector amqp started
INFO   | jvm 1    | 2017/08/11 12:06:55 |  INFO | Listening for connections at: stomp://PC2:61613?maximumConnections=1000&wireFormat.maxFrameSize=104857600
INFO   | jvm 1    | 2017/08/11 12:06:55 |  INFO | Connector stomp started
INFO   | jvm 1    | 2017/08/11 12:06:55 |  INFO | Listening for connections at: mqtt://PC2:1883?maximumConnections=1000&wireFormat.maxFrameSize=104857600
INFO   | jvm 1    | 2017/08/11 12:06:55 |  INFO | Connector mqtt started
INFO   | jvm 1    | 2017/08/11 12:06:55 | {}
INFO   | jvm 1    | 2017/08/11 12:06:55 |  INFO | Listening for connections at ws://PC2:61614?maximumConnections=1000&wireFormat.maxFrameSize=104857600
INFO   | jvm 1    | 2017/08/11 12:06:55 |  INFO | Connector ws started
INFO   | jvm 1    | 2017/08/11 12:06:55 |  INFO | Apache ActiveMQ 5.11.1 (localhost, ID:PC2-61816-1502433415020-0:1) started
INFO   | jvm 1    | 2017/08/11 12:06:55 |  INFO | For help or more information please see: http://activemq.apache.org
INFO   | jvm 1    | 2017/08/11 12:06:55 |  WARN | Store limit is 102400 mb (current store usage is 0 mb). The data directory: C:\Users\admin\Desktop\apache-activemq-5.11.1-bin\apache-activemq-5.11.1\bin\win64\..\..\data\kahadb only has 32498 mb of usable space - resetting to maximum available disk space: 32498 mb
INFO   | jvm 1    | 2017/08/11 12:06:55 |  WARN | Temporary Store limit is 51200 mb, whilst the temporary data directory: C:\Users\admin\Desktop\apache-activemq-5.11.1-bin\apache-activemq-5.11.1\bin\win64\..\..\data\localhost\tmp_storage only has 32498 mb of usable space - resetting to maximum available 32498 mb.
INFO   | jvm 1    | 2017/08/11 12:06:56 |  INFO | ActiveMQ WebConsole available at http://0.0.0.0:8161/
INFO   | jvm 1    | 2017/08/11 12:06:56 |  INFO | Initializing Spring FrameworkServlet 'dispatcher'
INFO   | jvm 1    | 2017/08/11 12:06:57 |  INFO | jolokia-agent: No access restrictor found at classpath:/jolokia-access.xml, access to all MBeans is allowed
STATUS | wrapper  | 2017/08/11 12:39:03 | CTRL-C trapped.  Shutting down.
INFO   | jvm 1    | 2017/08/11 12:39:04 |  INFO | Apache ActiveMQ 5.11.1 (localhost, ID:PC2-61816-1502433415020-0:1) is shutting down
INFO   | jvm 1    | 2017/08/11 12:39:04 |  INFO | Connector openwire stopped
INFO   | jvm 1    | 2017/08/11 12:39:04 |  INFO | Connector amqp stopped
INFO   | jvm 1    | 2017/08/11 12:39:04 |  INFO | Connector stomp stopped
INFO   | jvm 1    | 2017/08/11 12:39:04 |  INFO | Connector mqtt stopped
INFO   | jvm 1    | 2017/08/11 12:39:04 |  INFO | Connector ws stopped
INFO   | jvm 1    | 2017/08/11 12:39:04 |  INFO | PListStore:[C:\Users\admin\Desktop\apache-activemq-5.11.1-bin\apache-activemq-5.11.1\bin\win64\..\..\data\localhost\tmp_storage] stopped
INFO   | jvm 1    | 2017/08/11 12:39:04 |  INFO | Stopping async queue tasks
INFO   | jvm 1    | 2017/08/11 12:39:04 |  INFO | Stopping async topic tasks
INFO   | jvm 1    | 2017/08/11 12:39:04 |  INFO | Stopped KahaDB
INFO   | jvm 1    | 2017/08/11 12:39:04 |  INFO | Apache ActiveMQ 5.11.1 (localhost, ID:PC2-61816-1502433415020-0:1) uptime 32 minutes
INFO   | jvm 1    | 2017/08/11 12:39:04 |  INFO | Apache ActiveMQ 5.11.1 (localhost, ID:PC2-61816-1502433415020-0:1) is shutdown
INFO   | jvm 1    | 2017/08/11 12:39:04 |  INFO | Closing org.apache.activemq.xbean.XBeanBrokerFactory$1@12ef8bb3: startup date [Fri Aug 11 12:06:47 IST 2017]; root of context hierarchy
INFO   | jvm 1    | 2017/08/11 12:39:04 |  INFO | Destroying Spring FrameworkServlet 'dispatcher'
STATUS | wrapper  | 2017/08/11 12:39:05 | <-- Wrapper Stopped
